{"C:\\Users\\LENOVO\\Irfants\\myproject\\deploy-task\\app\\controllers\\car.js": {"path":"C:\\Users\\LENOVO\\Irfants\\myproject\\deploy-task\\app\\controllers\\car.js","statementMap":{"0":{"start":{"line":1,"column":19},"end":{"line":1,"column":47}},"1":{"start":{"line":3,"column":13},"end":{"line":5,"column":1}},"2":{"start":{"line":4,"column":2},"end":{"line":4,"column":57}},"3":{"start":{"line":7,"column":16},"end":{"line":22,"column":1}},"4":{"start":{"line":8,"column":2},"end":{"line":21,"column":3}},"5":{"start":{"line":9,"column":25},"end":{"line":9,"column":34}},"6":{"start":{"line":10,"column":17},"end":{"line":10,"column":51}},"7":{"start":{"line":11,"column":4},"end":{"line":15,"column":7}},"8":{"start":{"line":17,"column":4},"end":{"line":20,"column":7}},"9":{"start":{"line":24,"column":18},"end":{"line":39,"column":1}},"10":{"start":{"line":25,"column":2},"end":{"line":38,"column":3}},"11":{"start":{"line":26,"column":19},"end":{"line":26,"column":27}},"12":{"start":{"line":27,"column":17},"end":{"line":27,"column":47}},"13":{"start":{"line":28,"column":4},"end":{"line":32,"column":7}},"14":{"start":{"line":34,"column":4},"end":{"line":37,"column":7}},"15":{"start":{"line":41,"column":15},"end":{"line":59,"column":1}},"16":{"start":{"line":42,"column":2},"end":{"line":58,"column":3}},"17":{"start":{"line":43,"column":17},"end":{"line":43,"column":25}},"18":{"start":{"line":44,"column":27},"end":{"line":44,"column":35}},"19":{"start":{"line":45,"column":18},"end":{"line":45,"column":27}},"20":{"start":{"line":46,"column":4},"end":{"line":46,"column":23}},"21":{"start":{"line":47,"column":17},"end":{"line":47,"column":57}},"22":{"start":{"line":48,"column":4},"end":{"line":52,"column":7}},"23":{"start":{"line":54,"column":4},"end":{"line":57,"column":7}},"24":{"start":{"line":61,"column":15},"end":{"line":80,"column":1}},"25":{"start":{"line":62,"column":2},"end":{"line":79,"column":3}},"26":{"start":{"line":63,"column":19},"end":{"line":63,"column":27}},"27":{"start":{"line":64,"column":17},"end":{"line":64,"column":25}},"28":{"start":{"line":65,"column":18},"end":{"line":65,"column":27}},"29":{"start":{"line":66,"column":27},"end":{"line":66,"column":35}},"30":{"start":{"line":67,"column":4},"end":{"line":67,"column":23}},"31":{"start":{"line":68,"column":17},"end":{"line":68,"column":61}},"32":{"start":{"line":69,"column":4},"end":{"line":73,"column":7}},"33":{"start":{"line":75,"column":4},"end":{"line":78,"column":7}},"34":{"start":{"line":82,"column":16},"end":{"line":97,"column":1}},"35":{"start":{"line":83,"column":2},"end":{"line":96,"column":3}},"36":{"start":{"line":84,"column":19},"end":{"line":84,"column":27}},"37":{"start":{"line":85,"column":27},"end":{"line":85,"column":35}},"38":{"start":{"line":86,"column":4},"end":{"line":86,"column":43}},"39":{"start":{"line":87,"column":4},"end":{"line":90,"column":7}},"40":{"start":{"line":92,"column":4},"end":{"line":95,"column":7}},"41":{"start":{"line":100,"column":2},"end":{"line":100,"column":54}},"42":{"start":{"line":103,"column":26},"end":{"line":115,"column":1}},"43":{"start":{"line":104,"column":2},"end":{"line":114,"column":3}},"44":{"start":{"line":105,"column":15},"end":{"line":105,"column":28}},"45":{"start":{"line":106,"column":17},"end":{"line":106,"column":48}},"46":{"start":{"line":107,"column":4},"end":{"line":107,"column":20}},"47":{"start":{"line":108,"column":4},"end":{"line":108,"column":11}},"48":{"start":{"line":110,"column":4},"end":{"line":113,"column":7}},"49":{"start":{"line":117,"column":0},"end":{"line":126,"column":2}}},"fnMap":{"0":{"name":"(anonymous_0)","decl":{"start":{"line":3,"column":13},"end":{"line":3,"column":14}},"loc":{"start":{"line":3,"column":27},"end":{"line":5,"column":1}},"line":3},"1":{"name":"(anonymous_1)","decl":{"start":{"line":7,"column":16},"end":{"line":7,"column":17}},"loc":{"start":{"line":7,"column":36},"end":{"line":22,"column":1}},"line":7},"2":{"name":"(anonymous_2)","decl":{"start":{"line":24,"column":18},"end":{"line":24,"column":19}},"loc":{"start":{"line":24,"column":38},"end":{"line":39,"column":1}},"line":24},"3":{"name":"(anonymous_3)","decl":{"start":{"line":41,"column":15},"end":{"line":41,"column":16}},"loc":{"start":{"line":41,"column":35},"end":{"line":59,"column":1}},"line":41},"4":{"name":"(anonymous_4)","decl":{"start":{"line":61,"column":15},"end":{"line":61,"column":16}},"loc":{"start":{"line":61,"column":35},"end":{"line":80,"column":1}},"line":61},"5":{"name":"(anonymous_5)","decl":{"start":{"line":82,"column":16},"end":{"line":82,"column":17}},"loc":{"start":{"line":82,"column":36},"end":{"line":97,"column":1}},"line":82},"6":{"name":"notFound","decl":{"start":{"line":99,"column":9},"end":{"line":99,"column":17}},"loc":{"start":{"line":99,"column":28},"end":{"line":101,"column":1}},"line":99},"7":{"name":"(anonymous_7)","decl":{"start":{"line":103,"column":26},"end":{"line":103,"column":27}},"loc":{"start":{"line":103,"column":52},"end":{"line":115,"column":1}},"line":103}},"branchMap":{},"s":{"0":1,"1":1,"2":1,"3":1,"4":2,"5":2,"6":2,"7":1,"8":1,"9":1,"10":2,"11":2,"12":2,"13":1,"14":1,"15":1,"16":2,"17":2,"18":2,"19":2,"20":2,"21":2,"22":1,"23":1,"24":1,"25":2,"26":2,"27":2,"28":2,"29":2,"30":2,"31":2,"32":1,"33":1,"34":1,"35":2,"36":2,"37":2,"38":2,"39":1,"40":1,"41":1,"42":1,"43":2,"44":2,"45":2,"46":1,"47":1,"48":1,"49":1},"f":{"0":1,"1":2,"2":2,"3":2,"4":2,"5":2,"6":1,"7":2},"b":{},"_coverageSchema":"1a1c01bbd47fc00a2c39e90264f33305004495a9","hash":"ec95334002f368ce3f64bf5af010c17af8d30f3e"}
,"C:\\Users\\LENOVO\\Irfants\\myproject\\deploy-task\\app\\controllers\\user.js": {"path":"C:\\Users\\LENOVO\\Irfants\\myproject\\deploy-task\\app\\controllers\\user.js","statementMap":{"0":{"start":{"line":1,"column":20},"end":{"line":1,"column":49}},"1":{"start":{"line":3,"column":0},"end":{"line":18,"column":2}},"2":{"start":{"line":4,"column":4},"end":{"line":17,"column":5}},"3":{"start":{"line":5,"column":21},"end":{"line":5,"column":29}},"4":{"start":{"line":6,"column":21},"end":{"line":6,"column":55}},"5":{"start":{"line":7,"column":8},"end":{"line":11,"column":11}},"6":{"start":{"line":13,"column":8},"end":{"line":16,"column":11}},"7":{"start":{"line":20,"column":0},"end":{"line":35,"column":2}},"8":{"start":{"line":21,"column":4},"end":{"line":34,"column":5}},"9":{"start":{"line":22,"column":21},"end":{"line":22,"column":29}},"10":{"start":{"line":23,"column":21},"end":{"line":23,"column":61}},"11":{"start":{"line":24,"column":8},"end":{"line":28,"column":11}},"12":{"start":{"line":30,"column":8},"end":{"line":33,"column":11}},"13":{"start":{"line":37,"column":0},"end":{"line":52,"column":2}},"14":{"start":{"line":38,"column":4},"end":{"line":51,"column":5}},"15":{"start":{"line":39,"column":21},"end":{"line":39,"column":29}},"16":{"start":{"line":40,"column":21},"end":{"line":40,"column":52}},"17":{"start":{"line":41,"column":8},"end":{"line":45,"column":11}},"18":{"start":{"line":47,"column":8},"end":{"line":50,"column":11}},"19":{"start":{"line":54,"column":0},"end":{"line":60,"column":1}},"20":{"start":{"line":55,"column":4},"end":{"line":59,"column":7}}},"fnMap":{"0":{"name":"(anonymous_0)","decl":{"start":{"line":3,"column":19},"end":{"line":3,"column":20}},"loc":{"start":{"line":3,"column":39},"end":{"line":18,"column":1}},"line":3},"1":{"name":"(anonymous_1)","decl":{"start":{"line":20,"column":24},"end":{"line":20,"column":25}},"loc":{"start":{"line":20,"column":44},"end":{"line":35,"column":1}},"line":20},"2":{"name":"(anonymous_2)","decl":{"start":{"line":37,"column":16},"end":{"line":37,"column":17}},"loc":{"start":{"line":37,"column":36},"end":{"line":52,"column":1}},"line":37},"3":{"name":"(anonymous_3)","decl":{"start":{"line":54,"column":22},"end":{"line":54,"column":23}},"loc":{"start":{"line":54,"column":36},"end":{"line":60,"column":1}},"line":54}},"branchMap":{},"s":{"0":1,"1":1,"2":2,"3":2,"4":2,"5":1,"6":1,"7":1,"8":2,"9":2,"10":2,"11":1,"12":1,"13":1,"14":2,"15":2,"16":2,"17":1,"18":1,"19":1,"20":1},"f":{"0":2,"1":2,"2":2,"3":1},"b":{},"_coverageSchema":"1a1c01bbd47fc00a2c39e90264f33305004495a9","hash":"2e63e4fbd333a0f2f6f966014a4600e410748ffe"}
,"C:\\Users\\LENOVO\\Irfants\\myproject\\deploy-task\\app\\services\\car.js": {"path":"C:\\Users\\LENOVO\\Irfants\\myproject\\deploy-task\\app\\services\\car.js","statementMap":{"0":{"start":{"line":1,"column":22},"end":{"line":1,"column":54}},"1":{"start":{"line":2,"column":25},"end":{"line":2,"column":73}},"2":{"start":{"line":4,"column":0},"end":{"line":18,"column":2}},"3":{"start":{"line":5,"column":2},"end":{"line":17,"column":3}},"4":{"start":{"line":6,"column":4},"end":{"line":9,"column":5}},"5":{"start":{"line":7,"column":19},"end":{"line":7,"column":70}},"6":{"start":{"line":8,"column":6},"end":{"line":8,"column":18}},"7":{"start":{"line":10,"column":17},"end":{"line":10,"column":50}},"8":{"start":{"line":11,"column":4},"end":{"line":11,"column":16}},"9":{"start":{"line":13,"column":4},"end":{"line":16,"column":6}},"10":{"start":{"line":20,"column":0},"end":{"line":30,"column":2}},"11":{"start":{"line":21,"column":2},"end":{"line":29,"column":3}},"12":{"start":{"line":22,"column":17},"end":{"line":22,"column":54}},"13":{"start":{"line":23,"column":4},"end":{"line":23,"column":16}},"14":{"start":{"line":25,"column":4},"end":{"line":28,"column":6}},"15":{"start":{"line":32,"column":0},"end":{"line":42,"column":2}},"16":{"start":{"line":33,"column":2},"end":{"line":41,"column":3}},"17":{"start":{"line":34,"column":17},"end":{"line":34,"column":59}},"18":{"start":{"line":35,"column":4},"end":{"line":35,"column":16}},"19":{"start":{"line":37,"column":4},"end":{"line":40,"column":6}},"20":{"start":{"line":44,"column":0},"end":{"line":51,"column":2}},"21":{"start":{"line":45,"column":2},"end":{"line":50,"column":3}},"22":{"start":{"line":46,"column":22},"end":{"line":46,"column":68}},"23":{"start":{"line":47,"column":4},"end":{"line":47,"column":16}},"24":{"start":{"line":49,"column":4},"end":{"line":49,"column":78}},"25":{"start":{"line":53,"column":0},"end":{"line":61,"column":2}},"26":{"start":{"line":54,"column":2},"end":{"line":60,"column":3}},"27":{"start":{"line":55,"column":4},"end":{"line":55,"column":38}},"28":{"start":{"line":56,"column":4},"end":{"line":56,"column":68}},"29":{"start":{"line":57,"column":4},"end":{"line":57,"column":11}},"30":{"start":{"line":59,"column":4},"end":{"line":59,"column":78}},"31":{"start":{"line":63,"column":0},"end":{"line":76,"column":2}},"32":{"start":{"line":64,"column":2},"end":{"line":75,"column":3}},"33":{"start":{"line":65,"column":17},"end":{"line":65,"column":48}},"34":{"start":{"line":66,"column":4},"end":{"line":68,"column":5}},"35":{"start":{"line":67,"column":6},"end":{"line":67,"column":56}},"36":{"start":{"line":69,"column":4},"end":{"line":69,"column":16}},"37":{"start":{"line":71,"column":4},"end":{"line":74,"column":6}}},"fnMap":{"0":{"name":"(anonymous_0)","decl":{"start":{"line":4,"column":18},"end":{"line":4,"column":19}},"loc":{"start":{"line":4,"column":38},"end":{"line":18,"column":1}},"line":4},"1":{"name":"(anonymous_1)","decl":{"start":{"line":20,"column":20},"end":{"line":20,"column":21}},"loc":{"start":{"line":20,"column":34},"end":{"line":30,"column":1}},"line":20},"2":{"name":"(anonymous_2)","decl":{"start":{"line":32,"column":20},"end":{"line":32,"column":21}},"loc":{"start":{"line":32,"column":44},"end":{"line":42,"column":1}},"line":32},"3":{"name":"(anonymous_3)","decl":{"start":{"line":44,"column":20},"end":{"line":44,"column":21}},"loc":{"start":{"line":44,"column":48},"end":{"line":51,"column":1}},"line":44},"4":{"name":"(anonymous_4)","decl":{"start":{"line":53,"column":20},"end":{"line":53,"column":21}},"loc":{"start":{"line":53,"column":42},"end":{"line":61,"column":1}},"line":53},"5":{"name":"(anonymous_5)","decl":{"start":{"line":63,"column":21},"end":{"line":63,"column":22}},"loc":{"start":{"line":63,"column":35},"end":{"line":76,"column":1}},"line":63}},"branchMap":{"0":{"loc":{"start":{"line":6,"column":4},"end":{"line":9,"column":5}},"type":"if","locations":[{"start":{"line":6,"column":4},"end":{"line":9,"column":5}},{"start":{},"end":{}}],"line":6},"1":{"loc":{"start":{"line":66,"column":4},"end":{"line":68,"column":5}},"type":"if","locations":[{"start":{"line":66,"column":4},"end":{"line":68,"column":5}},{"start":{},"end":{}}],"line":66},"2":{"loc":{"start":{"line":73,"column":6},"end":{"line":73,"column":29}},"type":"binary-expr","locations":[{"start":{"line":73,"column":6},"end":{"line":73,"column":22}},{"start":{"line":73,"column":26},"end":{"line":73,"column":29}}],"line":73}},"s":{"0":1,"1":1,"2":1,"3":4,"4":4,"5":2,"6":1,"7":2,"8":1,"9":2,"10":1,"11":2,"12":2,"13":1,"14":1,"15":1,"16":2,"17":2,"18":1,"19":1,"20":1,"21":2,"22":2,"23":1,"24":1,"25":1,"26":3,"27":3,"28":2,"29":1,"30":2,"31":1,"32":2,"33":2,"34":1,"35":0,"36":1,"37":1},"f":{"0":4,"1":2,"2":2,"3":2,"4":3,"5":2},"b":{"0":[2,2],"1":[0,1],"2":[1,1]},"_coverageSchema":"1a1c01bbd47fc00a2c39e90264f33305004495a9","hash":"527fa85f9065e6fb8bf8f688dbe1059252443733"}
,"C:\\Users\\LENOVO\\Irfants\\myproject\\deploy-task\\config\\error\\ApplicationError.js": {"path":"C:\\Users\\LENOVO\\Irfants\\myproject\\deploy-task\\config\\error\\ApplicationError.js","statementMap":{"0":{"start":{"line":3,"column":4},"end":{"line":3,"column":19}},"1":{"start":{"line":4,"column":4},"end":{"line":4,"column":33}},"2":{"start":{"line":8,"column":0},"end":{"line":8,"column":34}}},"fnMap":{"0":{"name":"(anonymous_0)","decl":{"start":{"line":2,"column":2},"end":{"line":2,"column":3}},"loc":{"start":{"line":2,"column":35},"end":{"line":5,"column":3}},"line":2}},"branchMap":{},"s":{"0":8,"1":8,"2":1},"f":{"0":8},"b":{},"_coverageSchema":"1a1c01bbd47fc00a2c39e90264f33305004495a9","hash":"dc03a83e23709d037761ccb2dc5a7d542cd628cb"}
}
