TN:
SF:app\controllers\car.js
FN:3,(anonymous_0)
FN:7,(anonymous_1)
FN:24,(anonymous_2)
FN:41,(anonymous_3)
FN:61,(anonymous_4)
FN:82,(anonymous_5)
FN:99,notFound
FN:103,(anonymous_7)
FNF:8
FNH:8
FNDA:1,(anonymous_0)
FNDA:2,(anonymous_1)
FNDA:2,(anonymous_2)
FNDA:2,(anonymous_3)
FNDA:2,(anonymous_4)
FNDA:2,(anonymous_5)
FNDA:1,notFound
FNDA:2,(anonymous_7)
DA:1,1
DA:3,1
DA:4,1
DA:7,1
DA:8,2
DA:9,2
DA:10,2
DA:11,1
DA:17,1
DA:24,1
DA:25,2
DA:26,2
DA:27,2
DA:28,1
DA:34,1
DA:41,1
DA:42,2
DA:43,2
DA:44,2
DA:45,2
DA:46,2
DA:47,2
DA:48,1
DA:54,1
DA:61,1
DA:62,2
DA:63,2
DA:64,2
DA:65,2
DA:66,2
DA:67,2
DA:68,2
DA:69,1
DA:75,1
DA:82,1
DA:83,2
DA:84,2
DA:85,2
DA:86,2
DA:87,1
DA:92,1
DA:100,1
DA:103,1
DA:104,2
DA:105,2
DA:106,2
DA:107,1
DA:108,1
DA:110,1
DA:117,1
LF:50
LH:50
BRF:0
BRH:0
end_of_record
TN:
SF:app\controllers\user.js
FN:3,(anonymous_0)
FN:20,(anonymous_1)
FN:37,(anonymous_2)
FN:54,(anonymous_3)
FNF:4
FNH:4
FNDA:2,(anonymous_0)
FNDA:2,(anonymous_1)
FNDA:2,(anonymous_2)
FNDA:1,(anonymous_3)
DA:1,1
DA:3,1
DA:4,2
DA:5,2
DA:6,2
DA:7,1
DA:13,1
DA:20,1
DA:21,2
DA:22,2
DA:23,2
DA:24,1
DA:30,1
DA:37,1
DA:38,2
DA:39,2
DA:40,2
DA:41,1
DA:47,1
DA:54,1
DA:55,1
LF:21
LH:21
BRF:0
BRH:0
end_of_record
TN:
SF:app\services\car.js
FN:4,(anonymous_0)
FN:20,(anonymous_1)
FN:32,(anonymous_2)
FN:44,(anonymous_3)
FN:53,(anonymous_4)
FN:63,(anonymous_5)
FNF:6
FNH:6
FNDA:4,(anonymous_0)
FNDA:2,(anonymous_1)
FNDA:2,(anonymous_2)
FNDA:2,(anonymous_3)
FNDA:3,(anonymous_4)
FNDA:2,(anonymous_5)
DA:1,1
DA:2,1
DA:4,1
DA:5,4
DA:6,4
DA:7,2
DA:8,1
DA:10,2
DA:11,1
DA:13,2
DA:20,1
DA:21,2
DA:22,2
DA:23,1
DA:25,1
DA:32,1
DA:33,2
DA:34,2
DA:35,1
DA:37,1
DA:44,1
DA:45,2
DA:46,2
DA:47,1
DA:49,1
DA:53,1
DA:54,3
DA:55,3
DA:56,2
DA:57,1
DA:59,2
DA:63,1
DA:64,2
DA:65,2
DA:66,1
DA:67,0
DA:69,1
DA:71,1
LF:38
LH:37
BRDA:6,0,0,2
BRDA:6,0,1,2
BRDA:66,1,0,0
BRDA:66,1,1,1
BRDA:73,2,0,1
BRDA:73,2,1,1
BRF:6
BRH:5
end_of_record
TN:
SF:config\error\ApplicationError.js
FN:2,(anonymous_0)
FNF:1
FNH:1
FNDA:8,(anonymous_0)
DA:3,8
DA:4,8
DA:8,1
LF:3
LH:3
BRF:0
BRH:0
end_of_record
